<?xml version="1.0" encoding="UTF-8"?>
<!-- Generated by org.testng.reporters.JUnitReportReporter -->
<testsuite skipped="0" hostname="MOMIN" name="com.make.trip.testcases.FlightPageTest" tests="3" failures="0" timestamp="25 Mar 2020 12:55:16 GMT" time="41.324" errors="1">
  <testcase name="clickFlight" time="0.336" classname="com.make.trip.testcases.FlightPageTest"/>
  <testcase name="fillFlightBookingDetails" time="37.258" classname="com.make.trip.testcases.FlightPageTest"/>
  <testcase name="bookFlightDetails" time="3.730" classname="com.make.trip.testcases.FlightPageTest">
    <error type="org.openqa.selenium.WebDriverException" message="unknown error: Element &lt;div tabindex=&quot;0&quot; class=&quot;rc-slider-handle rc-slider-handle-1 rc-slider-handle-click-focused&quot; role=&quot;slider&quot; aria-valuemin=&quot;2100&quot; aria-valuemax=&quot;11440&quot; aria-valuenow=&quot;11440&quot; aria-disabled=&quot;false&quot; style=&quot;width: 16px; height: 16px; border-style: solid; border-width: 1px; border-color: rgb(188, 188, 188); border-radius: 20px; margin-top: -7px; margin-left: -8px; left: 100%; right: auto; transform: translateX(-50%);&quot;&gt;&lt;/div&gt; is not clickable at point (1035, 327). Other element would receive the click: &lt;div tabindex=&quot;0&quot; class=&quot;rc-slider-handle rc-slider-handle-2&quot; role=&quot;slider&quot; aria-valuemin=&quot;2100&quot; aria-valuemax=&quot;11440&quot; aria-valuenow=&quot;11440&quot; aria-disabled=&quot;false&quot; style=&quot;width: 16px; height: 16px; border-style: solid; border-width: 1px; border-color: rgb(188, 188, 188); border-radius: 20px; margin-top: -7px; margin-left: -8px; left: 100%; right: auto; transform: translateX(-50%);&quot;&gt;&lt;/div&gt;
  (Session info: chrome=80.0.3987.149)
  (Driver info: chromedriver=72.0.3626.69 (3c16f8a135abc0d4da2dff33804db79b849a7c38),platform=Windows NT 10.0.18363 x86_64) (WARNING: The server did not provide any stacktrace information)
Command duration or timeout: 0 milliseconds
Build info: version: &#039;3.141.59&#039;, revision: &#039;e82be7d358&#039;, time: &#039;2018-11-14T08:17:03&#039;
System info: host: &#039;MOMIN&#039;, ip: &#039;192.168.0.149&#039;, os.name: &#039;Windows 10&#039;, os.arch: &#039;amd64&#039;, os.version: &#039;10.0&#039;, java.version: &#039;1.8.0_181&#039;
Driver info: org.openqa.selenium.chrome.ChromeDriver
Capabilities {acceptInsecureCerts: false, acceptSslCerts: false, applicationCacheEnabled: false, browserConnectionEnabled: false, browserName: chrome, chrome: {chromedriverVersion: 72.0.3626.69 (3c16f8a135abc..., userDataDir: C:\Users\Momin\AppData\Loca...}, cssSelectorsEnabled: true, databaseEnabled: false, goog:chromeOptions: {debuggerAddress: localhost:61811}, handlesAlerts: true, hasTouchScreen: false, javascriptEnabled: true, locationContextEnabled: true, mobileEmulationEnabled: false, nativeEvents: true, networkConnectionEnabled: false, pageLoadStrategy: normal, platform: XP, platformName: XP, proxy: Proxy(), rotatable: false, setWindowRect: true, takesHeapSnapshot: true, takesScreenshot: true, timeouts: {implicit: 0, pageLoad: 300000, script: 30000}, unexpectedAlertBehaviour: ignore, unhandledPromptBehavior: ignore, version: 80.0.3987.149, webStorageEnabled: true}
Session ID: 16c1981a30b78a1a651e30d06e25c120">
      <![CDATA[org.openqa.selenium.WebDriverException: unknown error: Element <div tabindex="0" class="rc-slider-handle rc-slider-handle-1 rc-slider-handle-click-focused" role="slider" aria-valuemin="2100" aria-valuemax="11440" aria-valuenow="11440" aria-disabled="false" style="width: 16px; height: 16px; border-style: solid; border-width: 1px; border-color: rgb(188, 188, 188); border-radius: 20px; margin-top: -7px; margin-left: -8px; left: 100%; right: auto; transform: translateX(-50%);"></div> is not clickable at point (1035, 327). Other element would receive the click: <div tabindex="0" class="rc-slider-handle rc-slider-handle-2" role="slider" aria-valuemin="2100" aria-valuemax="11440" aria-valuenow="11440" aria-disabled="false" style="width: 16px; height: 16px; border-style: solid; border-width: 1px; border-color: rgb(188, 188, 188); border-radius: 20px; margin-top: -7px; margin-left: -8px; left: 100%; right: auto; transform: translateX(-50%);"></div>
  (Session info: chrome=80.0.3987.149)
  (Driver info: chromedriver=72.0.3626.69 (3c16f8a135abc0d4da2dff33804db79b849a7c38),platform=Windows NT 10.0.18363 x86_64) (WARNING: The server did not provide any stacktrace information)
Command duration or timeout: 0 milliseconds
Build info: version: '3.141.59', revision: 'e82be7d358', time: '2018-11-14T08:17:03'
System info: host: 'MOMIN', ip: '192.168.0.149', os.name: 'Windows 10', os.arch: 'amd64', os.version: '10.0', java.version: '1.8.0_181'
Driver info: org.openqa.selenium.chrome.ChromeDriver
Capabilities {acceptInsecureCerts: false, acceptSslCerts: false, applicationCacheEnabled: false, browserConnectionEnabled: false, browserName: chrome, chrome: {chromedriverVersion: 72.0.3626.69 (3c16f8a135abc..., userDataDir: C:\Users\Momin\AppData\Loca...}, cssSelectorsEnabled: true, databaseEnabled: false, goog:chromeOptions: {debuggerAddress: localhost:61811}, handlesAlerts: true, hasTouchScreen: false, javascriptEnabled: true, locationContextEnabled: true, mobileEmulationEnabled: false, nativeEvents: true, networkConnectionEnabled: false, pageLoadStrategy: normal, platform: XP, platformName: XP, proxy: Proxy(), rotatable: false, setWindowRect: true, takesHeapSnapshot: true, takesScreenshot: true, timeouts: {implicit: 0, pageLoad: 300000, script: 30000}, unexpectedAlertBehaviour: ignore, unhandledPromptBehavior: ignore, version: 80.0.3987.149, webStorageEnabled: true}
Session ID: 16c1981a30b78a1a651e30d06e25c120
at sun.reflect.NativeConstructorAccessorImpl.newInstance0(Native Method)
at sun.reflect.NativeConstructorAccessorImpl.newInstance(Unknown Source)
at sun.reflect.DelegatingConstructorAccessorImpl.newInstance(Unknown Source)
at java.lang.reflect.Constructor.newInstance(Unknown Source)
at org.openqa.selenium.remote.ErrorHandler.createThrowable(ErrorHandler.java:214)
at org.openqa.selenium.remote.ErrorHandler.throwIfResponseFailed(ErrorHandler.java:166)
at org.openqa.selenium.remote.http.JsonHttpResponseCodec.reconstructValue(JsonHttpResponseCodec.java:40)
at org.openqa.selenium.remote.http.AbstractHttpResponseCodec.decode(AbstractHttpResponseCodec.java:80)
at org.openqa.selenium.remote.http.AbstractHttpResponseCodec.decode(AbstractHttpResponseCodec.java:44)
at org.openqa.selenium.remote.HttpCommandExecutor.execute(HttpCommandExecutor.java:158)
at org.openqa.selenium.remote.service.DriverCommandExecutor.execute(DriverCommandExecutor.java:83)
at org.openqa.selenium.remote.RemoteWebDriver.execute(RemoteWebDriver.java:552)
at org.openqa.selenium.remote.RemoteWebElement.execute(RemoteWebElement.java:285)
at org.openqa.selenium.remote.RemoteWebElement.click(RemoteWebElement.java:84)
at com.make.trip.pages.FlightBookingPage.selectAmountRange(FlightBookingPage.java:48)
at com.make.trip.pages.FlightBookingPage.selectBookingDetails(FlightBookingPage.java:36)
at com.make.trip.testcases.FlightPageTest.bookFlightDetails(FlightPageTest.java:41)
at sun.reflect.NativeMethodAccessorImpl.invoke0(Native Method)
at sun.reflect.NativeMethodAccessorImpl.invoke(Unknown Source)
at sun.reflect.DelegatingMethodAccessorImpl.invoke(Unknown Source)
at java.lang.reflect.Method.invoke(Unknown Source)
at org.testng.internal.MethodInvocationHelper.invokeMethod(MethodInvocationHelper.java:124)
at org.testng.internal.Invoker.invokeMethod(Invoker.java:583)
at org.testng.internal.Invoker.invokeTestMethod(Invoker.java:719)
at org.testng.internal.Invoker.invokeTestMethods(Invoker.java:989)
at org.testng.internal.TestMethodWorker.invokeTestMethods(TestMethodWorker.java:125)
at org.testng.internal.TestMethodWorker.run(TestMethodWorker.java:109)
at org.testng.TestRunner.privateRun(TestRunner.java:648)
at org.testng.TestRunner.run(TestRunner.java:505)
at org.testng.SuiteRunner.runTest(SuiteRunner.java:455)
at org.testng.SuiteRunner.runSequentially(SuiteRunner.java:450)
at org.testng.SuiteRunner.privateRun(SuiteRunner.java:415)
at org.testng.SuiteRunner.run(SuiteRunner.java:364)
at org.testng.SuiteRunnerWorker.runSuite(SuiteRunnerWorker.java:52)
at org.testng.SuiteRunnerWorker.run(SuiteRunnerWorker.java:84)
at org.testng.TestNG.runSuitesSequentially(TestNG.java:1208)
at org.testng.TestNG.runSuitesLocally(TestNG.java:1137)
at org.testng.TestNG.runSuites(TestNG.java:1049)
at org.testng.TestNG.run(TestNG.java:1017)
at org.testng.remote.AbstractRemoteTestNG.run(AbstractRemoteTestNG.java:115)
at org.testng.remote.RemoteTestNG.initAndRun(RemoteTestNG.java:251)
at org.testng.remote.RemoteTestNG.main(RemoteTestNG.java:77)
]]>
    </error>
  </testcase> <!-- bookFlightDetails -->
</testsuite> <!-- com.make.trip.testcases.FlightPageTest -->
